Traceback (most recent call last):
  File "/home/runner/miniconda3/envs/open-tyndp-workshops/lib/python3.13/site-packages/jupyter_cache/executors/utils.py", line 58, in single_nb_execution
    executenb(
    ~~~~~~~~~^
        nb,
        ^^^
    ...<4 lines>...
        **kwargs,
        ^^^^^^^^^
    )
    ^
  File "/home/runner/miniconda3/envs/open-tyndp-workshops/lib/python3.13/site-packages/nbclient/client.py", line 1323, in execute
    return NotebookClient(nb=nb, resources=resources, km=km, **kwargs).execute()
           ~~~~~~~~~~~~~~~~~~~~~~~~~~~~~~~~~~~~~~~~~~~~~~~~~~~~~~~~~~~~~~~~~~~^^
  File "/home/runner/miniconda3/envs/open-tyndp-workshops/lib/python3.13/site-packages/jupyter_core/utils/__init__.py", line 165, in wrapped
    return loop.run_until_complete(inner)
           ~~~~~~~~~~~~~~~~~~~~~~~^^^^^^^
  File "/home/runner/miniconda3/envs/open-tyndp-workshops/lib/python3.13/asyncio/base_events.py", line 725, in run_until_complete
    return future.result()
           ~~~~~~~~~~~~~^^
  File "/home/runner/miniconda3/envs/open-tyndp-workshops/lib/python3.13/site-packages/nbclient/client.py", line 709, in async_execute
    await self.async_execute_cell(
        cell, index, execution_count=self.code_cells_executed + 1
    )
  File "/home/runner/miniconda3/envs/open-tyndp-workshops/lib/python3.13/site-packages/nbclient/client.py", line 1062, in async_execute_cell
    await self._check_raise_for_error(cell, cell_index, exec_reply)
  File "/home/runner/miniconda3/envs/open-tyndp-workshops/lib/python3.13/site-packages/nbclient/client.py", line 918, in _check_raise_for_error
    raise CellExecutionError.from_cell_and_msg(cell, exec_reply_content)
nbclient.exceptions.CellExecutionError: An error occurred while executing the following cell:
------------------
# (b) Optional: Try to exclude load shedding from the hydrogen price in 2040.
voll = 3000  # EUR/ MWh_H2
prices = (
    s2040.prices(
        bus_carrier="H2",
        weighting="time",
        groupby_time=False,
    )
    .pipe(lambda x: x.where(x < voll * 0.98))  # Add 2% of numerical tolerance
    .mean(axis=1)
    .to_frame("value")
    .sort_values()
)

ax = prices.plot.bar(figsize=(16, 4), ylabel="EUR/MWh_H2", xlabel="Node")

ax.set_facecolor("#e8e8e8")
ax.set_axisbelow(True)
ax.grid(True)

# Legend with average
handles, labels = ax.get_legend_handles_labels()
new_labels = [f"{label} ({prices[label].mean():.1f} EUR/MWh_H2)" for label in labels]
ax.legend(handles, new_labels, loc="upper left")

ax.set_title("Hydrogen Price excl. Load Shedding - Scenario NT - CY 2009 - Year 2040")
ax.tick_params(axis="x", rotation=45)
------------------


[31m---------------------------------------------------------------------------[39m
[31mTypeError[39m                                 Traceback (most recent call last)
[36mCell[39m[36m [39m[32mIn[31][39m[32m, line 12[39m
[32m      8[39m     )
[32m      9[39m     .pipe([38;5;28;01mlambda[39;00m x: x.where(x < voll * [32m0.98[39m))  [38;5;66;03m# Add 2% of numerical tolerance[39;00m
[32m     10[39m     .mean(axis=[32m1[39m)
[32m     11[39m     .to_frame([33m"value"[39m)
[32m---> [39m[32m12[39m     .sort_values()
[32m     13[39m )
[32m     14[39m 
[32m     15[39m ax = prices.plot.bar(figsize=([32m16[39m, [32m4[39m), ylabel=[33m"EUR/MWh_H2"[39m, xlabel=[33m"Node"[39m)

[31mTypeError[39m: DataFrame.sort_values() missing 1 required positional argument: 'by'

