Traceback (most recent call last):
  File "/home/runner/miniconda3/envs/open-tyndp-workshops/lib/python3.12/site-packages/jupyter_cache/executors/utils.py", line 58, in single_nb_execution
    executenb(
  File "/home/runner/miniconda3/envs/open-tyndp-workshops/lib/python3.12/site-packages/nbclient/client.py", line 1319, in execute
    return NotebookClient(nb=nb, resources=resources, km=km, **kwargs).execute()
           ^^^^^^^^^^^^^^^^^^^^^^^^^^^^^^^^^^^^^^^^^^^^^^^^^^^^^^^^^^^^^^^^^^^^^
  File "/home/runner/miniconda3/envs/open-tyndp-workshops/lib/python3.12/site-packages/jupyter_core/utils/__init__.py", line 165, in wrapped
    return loop.run_until_complete(inner)
           ^^^^^^^^^^^^^^^^^^^^^^^^^^^^^^
  File "/home/runner/miniconda3/envs/open-tyndp-workshops/lib/python3.12/asyncio/base_events.py", line 691, in run_until_complete
    return future.result()
           ^^^^^^^^^^^^^^^
  File "/home/runner/miniconda3/envs/open-tyndp-workshops/lib/python3.12/site-packages/nbclient/client.py", line 709, in async_execute
    await self.async_execute_cell(
  File "/home/runner/miniconda3/envs/open-tyndp-workshops/lib/python3.12/site-packages/nbclient/client.py", line 1062, in async_execute_cell
    await self._check_raise_for_error(cell, cell_index, exec_reply)
  File "/home/runner/miniconda3/envs/open-tyndp-workshops/lib/python3.12/site-packages/nbclient/client.py", line 918, in _check_raise_for_error
    raise CellExecutionError.from_cell_and_msg(cell, exec_reply_content)
nbclient.exceptions.CellExecutionError: An error occurred while executing the following cell:
------------------
# Load NT scenario networks for comparison
base_path = "data/20251127_results/networks/"

# Load networks directly into dictionary for PyPSA-Explorer
networks = {
    "NT 2030": pypsa.Network(base_path + "base_s_all___2030.nc"),
    "NT 2040": pypsa.Network(base_path + "base_s_all___2040.nc"),
}
#%% md
The PyPSA-Explorer package can be started in two modes depending on your environment:

- **Local Jupyter**: Terminal command (**recommended**) or inline display
- **Google Colab**: The dashboard will launch inline, embedded directly in the notebook

Follow the instructions below based on your environment.
#%%
# Detect if running on Google Colab
try:
    from google.colab import output

    IN_COLAB = True
------------------


  [36mCell[39m[36m [39m[32mIn[5][39m[32m, line 10[39m
[31m    [39m[31mThe PyPSA-Explorer package can be started in two modes depending on your environment:[39m
        ^
[31mSyntaxError[39m[31m:[39m invalid syntax


