Traceback (most recent call last):
  File "/home/runner/miniconda3/envs/open-tyndp-workshops/lib/python3.13/site-packages/jupyter_cache/executors/utils.py", line 58, in single_nb_execution
    executenb(
    ~~~~~~~~~^
        nb,
        ^^^
    ...<4 lines>...
        **kwargs,
        ^^^^^^^^^
    )
    ^
  File "/home/runner/miniconda3/envs/open-tyndp-workshops/lib/python3.13/site-packages/nbclient/client.py", line 1323, in execute
    return NotebookClient(nb=nb, resources=resources, km=km, **kwargs).execute()
           ~~~~~~~~~~~~~~~~~~~~~~~~~~~~~~~~~~~~~~~~~~~~~~~~~~~~~~~~~~~~~~~~~~~^^
  File "/home/runner/miniconda3/envs/open-tyndp-workshops/lib/python3.13/site-packages/jupyter_core/utils/__init__.py", line 165, in wrapped
    return loop.run_until_complete(inner)
           ~~~~~~~~~~~~~~~~~~~~~~~^^^^^^^
  File "/home/runner/miniconda3/envs/open-tyndp-workshops/lib/python3.13/asyncio/base_events.py", line 725, in run_until_complete
    return future.result()
           ~~~~~~~~~~~~~^^
  File "/home/runner/miniconda3/envs/open-tyndp-workshops/lib/python3.13/site-packages/nbclient/client.py", line 709, in async_execute
    await self.async_execute_cell(
        cell, index, execution_count=self.code_cells_executed + 1
    )
  File "/home/runner/miniconda3/envs/open-tyndp-workshops/lib/python3.13/site-packages/nbclient/client.py", line 1062, in async_execute_cell
    await self._check_raise_for_error(cell, cell_index, exec_reply)
  File "/home/runner/miniconda3/envs/open-tyndp-workshops/lib/python3.13/site-packages/nbclient/client.py", line 918, in _check_raise_for_error
    raise CellExecutionError.from_cell_and_msg(cell, exec_reply_content)
nbclient.exceptions.CellExecutionError: An error occurred while executing the following cell:
------------------
n1.optimize(solver_name="highs")
------------------

----- stderr -----
/tmp/ipykernel_2897/3770700743.py:1: FutureWarning: The default value of `include_objective_constant` will change from True to False in version 2.0. Set `include_objective_constant` explicitly to suppress this warning. Using False improves LP numerical conditioning by not including the objective constant as a variable.
  n1.optimize(solver_name="highs")
------------------

[31m---------------------------------------------------------------------------[39m
[31mTypeError[39m                                 Traceback (most recent call last)
[36mCell[39m[36m [39m[32mIn[12][39m[32m, line 1[39m
[32m----> [39m[32m1[39m n1.optimize(solver_name=[33m"highs"[39m)

[36mFile [39m[32m~/miniconda3/envs/open-tyndp-workshops/lib/python3.13/site-packages/pypsa/optimization/optimize.py:566[39m, in [36mOptimizationAccessor.__call__[39m[34m(self, snapshots, multi_investment_periods, transmission_losses, linearized_unit_commitment, model_kwargs, extra_functionality, assign_all_duals, solver_name, solver_options, log_to_console, compute_infeasibilities, include_objective_constant, committable_big_m, meshed_thresholds, **kwargs)[39m
[32m    563[39m n._linearized_uc = linearized_unit_commitment
[32m    565[39m n.consistency_check(strict=[[33m"[39m[33munknown_buses[39m[33m"[39m])
[32m--> [39m[32m566[39m m = [30;43mn[39;49m[30;43m.[39;49m[30;43moptimize[39;49m[30;43m.[39;49m[30;43mcreate_model[39;49m[30;43m([39;49m
[32m    567[39m [30;43m    [39;49m[30;43msns[39;49m[30;43m,[39;49m
[32m    568[39m [30;43m    [39;49m[30;43mmulti_investment_periods[39;49m[30;43m,[39;49m
[32m    569[39m [30;43m    [39;49m[30;43mtransmission_losses[39;49m[30;43m,[39;49m
[32m    570[39m [30;43m    [39;49m[30;43mlinearized_unit_commitment[39;49m[30;43m,[39;49m
[32m    571[39m [30;43m    [39;49m[30;43mconsistency_check[39;49m[30;43m=[39;49m[30;43;01mFalse[39;49;00m[30;43m,[39;49m
[32m    572[39m [30;43m    [39;49m[30;43minclude_objective_constant[39;49m[30;43m=[39;49m[30;43minclude_objective_constant[39;49m[30;43m,[39;49m
[32m    573[39m [30;43m    [39;49m[30;43mcommittable_big_m[39;49m[30;43m=[39;49m[30;43mcommittable_big_m[39;49m[30;43m,[39;49m
[32m    574[39m [30;43m    [39;49m[30;43mmeshed_thresholds[39;49m[30;43m=[39;49m[30;43mmeshed_thresholds[39;49m[30;43m,[39;49m
[32m    575[39m [30;43m    [39;49m[30;43m*[39;49m[30;43m*[39;49m[30;43mmodel_kwargs[39;49m[30;43m,[39;49m
[32m    576[39m [30;43m[39;49m[30;43m)[39;49m
[32m    577[39m [38;5;28;01mif[39;00m extra_functionality:
[32m    578[39m     extra_functionality(n, sns)

[36mFile [39m[32m~/miniconda3/envs/open-tyndp-workshops/lib/python3.13/site-packages/pypsa/optimization/optimize.py:756[39m, in [36mOptimizationAccessor.create_model[39m[34m(self, snapshots, multi_investment_periods, transmission_losses, linearized_unit_commitment, consistency_check, include_objective_constant, committable_big_m, meshed_thresholds, **kwargs)[39m
[32m    754[39m     suffix = [33mf[39m[33m"[39m[33m-meshed-[39m[38;5;132;01m{[39;00mprev[38;5;132;01m}[39;00m[33m"[39m [38;5;28;01mif[39;00m prev > [32m0[39m [38;5;28;01melse[39;00m [33m"[39m[33m"[39m
[32m    755[39m     [38;5;28;01mif[39;00m [38;5;129;01mnot[39;00m buses.empty:
[32m--> [39m[32m756[39m         [30;43mdefine_nodal_balance_constraints[39;49m[30;43m([39;49m
[32m    757[39m [30;43m            [39;49m[30;43mn[39;49m[30;43m,[39;49m
[32m    758[39m [30;43m            [39;49m[30;43msns[39;49m[30;43m,[39;49m
[32m    759[39m [30;43m            [39;49m[30;43mtransmission_losses[39;49m[30;43m=[39;49m[30;43mtransmission_losses[39;49m[30;43m,[39;49m
[32m    760[39m [30;43m            [39;49m[30;43mbuses[39;49m[30;43m=[39;49m[30;43mbuses[39;49m[30;43m,[39;49m
[32m    761[39m [30;43m            [39;49m[30;43msuffix[39;49m[30;43m=[39;49m[30;43msuffix[39;49m[30;43m,[39;49m
[32m    762[39m [30;43m        [39;49m[30;43m)[39;49m
[32m    763[39m     prev = t
[32m    765[39m define_kirchhoff_voltage_constraints(n, sns)

[36mFile [39m[32m~/miniconda3/envs/open-tyndp-workshops/lib/python3.13/site-packages/pypsa/optimization/constraints.py:1075[39m, in [36mdefine_nodal_balance_constraints[39m[34m(n, sns, transmission_losses, buses, suffix)[39m
[32m   1072[39m expr = sign * m[[33mf[39m[33m"[39m[38;5;132;01m{[39;00mc.name[38;5;132;01m}[39;00m[33m-[39m[38;5;132;01m{[39;00mattr[38;5;132;01m}[39;00m[33m"[39m]
[32m   1074[39m cbuses = c._as_xarray(column)
[32m-> [39m[32m1075[39m cbuses = [30;43mcbuses[39;49m[30;43m.[39;49m[30;43msel[39;49m[30;43m([39;49m[30;43mname[39;49m[30;43m=[39;49m[30;43mc[39;49m[30;43m.[39;49m[30;43mactive_assets[39;49m[30;43m)[39;49m
[32m   1076[39m [38;5;66;03m# Only keep the first scenario if there are multiple[39;00m
[32m   1077[39m [38;5;28;01mif[39;00m n.has_scenarios:

[36mFile [39m[32m~/miniconda3/envs/open-tyndp-workshops/lib/python3.13/site-packages/xarray/core/dataarray.py:1717[39m, in [36mDataArray.sel[39m[34m(self, indexers, method, tolerance, drop, **indexers_kwargs)[39m
[32m   1601[39m [38;5;28;01mdef[39;00m[38;5;250m [39m[34msel[39m(
[32m   1602[39m     [38;5;28mself[39m,
[32m   1603[39m     indexers: Mapping[Any, Any] | [38;5;28;01mNone[39;00m = [38;5;28;01mNone[39;00m,
[32m   (...)[39m[32m   1607[39m     **indexers_kwargs: Any,
[32m   1608[39m ) -> Self:
[32m   1609[39m [38;5;250m    [39m[33;03m"""Return a new DataArray whose data is given by selecting index[39;00m
[32m   1610[39m [33;03m    labels along the specified dimension(s).[39;00m
[32m   1611[39m 
[32m   (...)[39m[32m   1715[39m [33;03m    Dimensions without coordinates: points[39;00m
[32m   1716[39m [33;03m    """[39;00m
[32m-> [39m[32m1717[39m     ds = [30;43mself[39;49m[30;43m.[39;49m[30;43m_to_temp_dataset[39;49m[30;43m([39;49m[30;43m)[39;49m[30;43m.[39;49m[30;43msel[39;49m[30;43m([39;49m
[32m   1718[39m [30;43m        [39;49m[30;43mindexers[39;49m[30;43m=[39;49m[30;43mindexers[39;49m[30;43m,[39;49m
[32m   1719[39m [30;43m        [39;49m[30;43mdrop[39;49m[30;43m=[39;49m[30;43mdrop[39;49m[30;43m,[39;49m
[32m   1720[39m [30;43m        [39;49m[30;43mmethod[39;49m[30;43m=[39;49m[30;43mmethod[39;49m[30;43m,[39;49m
[32m   1721[39m [30;43m        [39;49m[30;43mtolerance[39;49m[30;43m=[39;49m[30;43mtolerance[39;49m[30;43m,[39;49m
[32m   1722[39m [30;43m        [39;49m[30;43m*[39;49m[30;43m*[39;49m[30;43mindexers_kwargs[39;49m[30;43m,[39;49m
[32m   1723[39m [30;43m    [39;49m[30;43m)[39;49m
[32m   1724[39m     [38;5;28;01mreturn[39;00m [38;5;28mself[39m._from_temp_dataset(ds)

[36mFile [39m[32m~/miniconda3/envs/open-tyndp-workshops/lib/python3.13/site-packages/xarray/core/dataset.py:3014[39m, in [36mDataset.sel[39m[34m(self, indexers, method, tolerance, drop, **indexers_kwargs)[39m
[32m   3010[39m                 [38;5;28;01melif[39;00m k [38;5;28;01min[39;00m self._coord_names:
[32m   3011[39m                     query_results.drop_coords.append(k)
[32m   3012[39m             query_results.variables = no_scalar_variables
[32m   3013[39m 
[32m-> [39m[32m3014[39m         result = self.isel(indexers=query_results.dim_indexers, drop=drop)
[32m   3015[39m         [38;5;28;01mreturn[39;00m result._overwrite_indexes(*query_results.as_tuple()[[32m1[39m:])

[36mFile [39m[32m~/miniconda3/envs/open-tyndp-workshops/lib/python3.13/site-packages/xarray/core/dataset.py:2867[39m, in [36mDataset.isel[39m[34m(self, indexers, drop, missing_dims, **indexers_kwargs)[39m
[32m   2863[39m                 var = index_variables[name]
[32m   2864[39m             [38;5;28;01melse[39;00m:
[32m   2865[39m                 var_indexers = {k: v [38;5;28;01mfor[39;00m k, v [38;5;28;01min[39;00m indexers.items() [38;5;28;01mif[39;00m k [38;5;28;01min[39;00m var.dims}
[32m   2866[39m                 [38;5;28;01mif[39;00m var_indexers:
[32m-> [39m[32m2867[39m                     var = var.isel(var_indexers)
[32m   2868[39m                     [38;5;28;01mif[39;00m drop [38;5;28;01mand[39;00m var.ndim == [32m0[39m [38;5;28;01mand[39;00m name [38;5;28;01min[39;00m coord_names:
[32m   2869[39m                         coord_names.remove(name)
[32m   2870[39m                         [38;5;28;01mcontinue[39;00m

[36mFile [39m[32m~/miniconda3/envs/open-tyndp-workshops/lib/python3.13/site-packages/xarray/core/variable.py:1130[39m, in [36mVariable.isel[39m[34m(self, indexers, missing_dims, **indexers_kwargs)[39m
[32m   1127[39m indexers = drop_dims_from_indexers(indexers, [38;5;28mself[39m.dims, missing_dims)
[32m   1129[39m key = [38;5;28mtuple[39m(indexers.get(dim, [38;5;28mslice[39m([38;5;28;01mNone[39;00m)) [38;5;28;01mfor[39;00m dim [38;5;129;01min[39;00m [38;5;28mself[39m.dims)
[32m-> [39m[32m1130[39m [38;5;28;01mreturn[39;00m [30;43mself[39;49m[30;43m[[39;49m[30;43mkey[39;49m[30;43m][39;49m

[36mFile [39m[32m~/miniconda3/envs/open-tyndp-workshops/lib/python3.13/site-packages/xarray/core/variable.py:818[39m, in [36mVariable.__getitem__[39m[34m(self, key)[39m
[32m    805[39m [38;5;250m[39m[33;03m"""Return a new Variable object whose contents are consistent with[39;00m
[32m    806[39m [33;03mgetting the provided key from the underlying data.[39;00m
[32m    807[39m 
[32m   (...)[39m[32m    815[39m [33;03marray `x.values` directly.[39;00m
[32m    816[39m [33;03m"""[39;00m
[32m    817[39m dims, indexer, new_order = [38;5;28mself[39m._broadcast_indexes(key)
[32m--> [39m[32m818[39m indexable = [30;43mas_indexable[39;49m[30;43m([39;49m[30;43mself[39;49m[30;43m.[39;49m[30;43m_data[39;49m[30;43m)[39;49m
[32m    820[39m data = indexing.apply_indexer(indexable, indexer)
[32m    822[39m [38;5;28;01mif[39;00m new_order:

[36mFile [39m[32m~/miniconda3/envs/open-tyndp-workshops/lib/python3.13/site-packages/xarray/core/indexing.py:1024[39m, in [36mas_indexable[39m[34m(array)[39m
[32m   1021[39m [38;5;28;01mif[39;00m [38;5;28mhasattr[39m(array, [33m"[39m[33m__array_function__[39m[33m"[39m):
[32m   1022[39m     [38;5;28;01mreturn[39;00m NdArrayLikeIndexingAdapter(array)
[32m-> [39m[32m1024[39m [38;5;28;01mraise[39;00m [38;5;167;01mTypeError[39;00m([33mf[39m[33m"[39m[33mInvalid array type: [39m[38;5;132;01m{[39;00m[38;5;28mtype[39m(array)[38;5;132;01m}[39;00m[33m"[39m)

[31mTypeError[39m: Invalid array type: <class 'pandas.arrays.ArrowStringArray'>

